2025-08-21 09:20:57,171 [INFO] UtilMem:75 - End SaveConfig() Used Memory: 403892080 Bytes (754974720)
2025-08-21 09:20:57,266 [INFO] UtilMem:75 - End SaveConfig() Used Memory: 415747024 Bytes (754974720)
2025-08-21 09:20:57,986 [INFO] UtilMem:75 - End SaveConfig() Used Memory: 449759504 Bytes (754974720)
2025-08-21 09:20:58,331 [INFO] BlockDiagram:2775 - set Specific Code input for plugin: NVIC
2025-08-21 09:20:58,332 [INFO] BlockDiagram:2775 - set Specific Code input for plugin: SYS
2025-08-21 09:20:58,332 [INFO] BlockDiagram:2775 - set Specific Code input for plugin: GPIO
2025-08-21 09:20:58,332 [INFO] BlockDiagram:2775 - set Specific Code input for plugin: RCC
2025-08-21 09:20:58,333 [INFO] CodeGenerator:892 - code generatio: config db path: /opt/st/stm32cubeide_1.19.0/plugins/com.st.stm32cube.common.mx_6.15.0.202507011659//db/
2025-08-21 09:20:58,447 [INFO] CodeEngine:265 - oldGeneratedFile, /home/dev/01.work_space/01.training_stm32/06.interrup/MXTmpFiles/license.tmp_save
2025-08-21 09:20:58,744 [INFO] CodeEngine:289 - Generated code: /home/dev/01.work_space/01.training_stm32/06.interrup/MXTmpFiles/license.tmp
2025-08-21 09:20:58,800 [INFO] CodeEngine:265 - oldGeneratedFile, /home/dev/01.work_space/01.training_stm32/06.interrup/MXTmpFiles/gpio.tmp_save
2025-08-21 09:20:58,926 [INFO] CodeEngine:289 - Generated code: /home/dev/01.work_space/01.training_stm32/06.interrup/MXTmpFiles/gpio.tmp
2025-08-21 09:20:58,938 [INFO] CodeEngine:265 - oldGeneratedFile, /home/dev/01.work_space/01.training_stm32/06.interrup/Core/Src/stm32f1xx_it.c_save
2025-08-21 09:20:59,181 [INFO] CodeEngine:289 - Generated code: /home/dev/01.work_space/01.training_stm32/06.interrup/Core/Src/stm32f1xx_it.c
2025-08-21 09:20:59,182 [INFO] CodeEngine:265 - oldGeneratedFile, /home/dev/01.work_space/01.training_stm32/06.interrup/Core/Inc/stm32f1xx_it.h_save
2025-08-21 09:20:59,242 [INFO] CodeEngine:289 - Generated code: /home/dev/01.work_space/01.training_stm32/06.interrup/Core/Inc/stm32f1xx_it.h
2025-08-21 09:20:59,245 [INFO] CodeEngine:265 - oldGeneratedFile, /home/dev/01.work_space/01.training_stm32/06.interrup/Core/Src/stm32f1xx_hal_msp.c_save
2025-08-21 09:20:59,372 [INFO] CodeEngine:289 - Generated code: /home/dev/01.work_space/01.training_stm32/06.interrup/Core/Src/stm32f1xx_hal_msp.c
2025-08-21 09:20:59,374 [INFO] CodeEngine:265 - oldGeneratedFile, /home/dev/01.work_space/01.training_stm32/06.interrup/MXTmpFiles/system.tmp_save
2025-08-21 09:20:59,433 [INFO] CodeEngine:289 - Generated code: /home/dev/01.work_space/01.training_stm32/06.interrup/MXTmpFiles/system.tmp
2025-08-21 09:20:59,436 [INFO] CodeEngine:321 - oldGeneratedFile, /home/dev/01.work_space/01.training_stm32/06.interrup/Core/Inc/stm32f1xx_hal_conf.h_save
2025-08-21 09:20:59,508 [INFO] CodeEngine:345 - Generated code: /home/dev/01.work_space/01.training_stm32/06.interrup/Core/Inc/stm32f1xx_hal_conf.h
2025-08-21 09:20:59,527 [INFO] CodeEngine:265 - oldGeneratedFile, /home/dev/01.work_space/01.training_stm32/06.interrup/Core/Inc/main.h_save
2025-08-21 09:20:59,633 [INFO] CodeEngine:289 - Generated code: /home/dev/01.work_space/01.training_stm32/06.interrup/Core/Inc/main.h
2025-08-21 09:20:59,634 [INFO] CodeEngine:265 - oldGeneratedFile, /home/dev/01.work_space/01.training_stm32/06.interrup/Core/Src/main.c_save
2025-08-21 09:20:59,723 [INFO] CodeEngine:289 - Generated code: /home/dev/01.work_space/01.training_stm32/06.interrup/Core/Src/main.c
2025-08-21 09:20:59,912 [INFO] ProjectBuilder:3606 - Time for Copy HAL[1] : 12mS.
2025-08-21 09:20:59,914 [INFO] ProjectBuilder:5216 - Project Generator version: 4.7.0-B52
2025-08-21 09:20:59,993 [INFO] ConfigFileManager:1595 - The Die is : DIE412
2025-08-21 09:21:00,933 [INFO] ProjectBuilder:5496 - Time for Generating toolchain IDE Files: 1019mS.
2025-08-21 09:21:00,933 [INFO] ProjectBuilder:3463 - Time for Copy CMSIS : 0mS.
2025-08-21 09:21:00,934 [INFO] ProjectBuilder:3463 - Time for Copy CMSIS : 0mS.
2025-08-21 09:27:30,080 [INFO] Gpio:278 - dependency for GPIO [RCC, SYS]
2025-08-21 09:28:09,757 [INFO] UtilMem:75 - End SaveConfig() Used Memory: 598884752 Bytes (754974720)
2025-08-21 09:28:09,823 [INFO] UtilMem:75 - End SaveConfig() Used Memory: 610419088 Bytes (754974720)
2025-08-21 09:28:14,578 [INFO] UtilMem:75 - End SaveConfig() Used Memory: 272459632 Bytes (754974720)
2025-08-21 09:28:14,715 [INFO] BlockDiagram:2775 - set Specific Code input for plugin: NVIC
2025-08-21 09:28:14,716 [INFO] BlockDiagram:2775 - set Specific Code input for plugin: SYS
2025-08-21 09:28:14,716 [INFO] BlockDiagram:2775 - set Specific Code input for plugin: GPIO
2025-08-21 09:28:14,716 [INFO] BlockDiagram:2775 - set Specific Code input for plugin: RCC
2025-08-21 09:28:14,716 [INFO] CodeGenerator:892 - code generatio: config db path: /opt/st/stm32cubeide_1.19.0/plugins/com.st.stm32cube.common.mx_6.15.0.202507011659//db/
2025-08-21 09:28:14,799 [INFO] CodeEngine:265 - oldGeneratedFile, /home/dev/01.work_space/01.training_stm32/06.interrup/MXTmpFiles/license.tmp_save
2025-08-21 09:28:14,878 [INFO] CodeEngine:289 - Generated code: /home/dev/01.work_space/01.training_stm32/06.interrup/MXTmpFiles/license.tmp
2025-08-21 09:28:14,890 [INFO] CodeEngine:265 - oldGeneratedFile, /home/dev/01.work_space/01.training_stm32/06.interrup/MXTmpFiles/gpio.tmp_save
2025-08-21 09:28:14,959 [INFO] CodeEngine:289 - Generated code: /home/dev/01.work_space/01.training_stm32/06.interrup/MXTmpFiles/gpio.tmp
2025-08-21 09:28:14,970 [INFO] CodeEngine:265 - oldGeneratedFile, /home/dev/01.work_space/01.training_stm32/06.interrup/Core/Src/stm32f1xx_it.c_save
2025-08-21 09:28:15,043 [INFO] CodeEngine:289 - Generated code: /home/dev/01.work_space/01.training_stm32/06.interrup/Core/Src/stm32f1xx_it.c
2025-08-21 09:28:15,045 [INFO] CodeEngine:265 - oldGeneratedFile, /home/dev/01.work_space/01.training_stm32/06.interrup/Core/Inc/stm32f1xx_it.h_save
2025-08-21 09:28:15,102 [INFO] CodeEngine:289 - Generated code: /home/dev/01.work_space/01.training_stm32/06.interrup/Core/Inc/stm32f1xx_it.h
2025-08-21 09:28:15,105 [INFO] CodeEngine:265 - oldGeneratedFile, /home/dev/01.work_space/01.training_stm32/06.interrup/Core/Src/stm32f1xx_hal_msp.c_save
2025-08-21 09:28:15,175 [INFO] CodeEngine:289 - Generated code: /home/dev/01.work_space/01.training_stm32/06.interrup/Core/Src/stm32f1xx_hal_msp.c
2025-08-21 09:28:15,177 [INFO] CodeEngine:265 - oldGeneratedFile, /home/dev/01.work_space/01.training_stm32/06.interrup/MXTmpFiles/system.tmp_save
2025-08-21 09:28:15,222 [INFO] CodeEngine:289 - Generated code: /home/dev/01.work_space/01.training_stm32/06.interrup/MXTmpFiles/system.tmp
2025-08-21 09:28:15,224 [INFO] CodeEngine:321 - oldGeneratedFile, /home/dev/01.work_space/01.training_stm32/06.interrup/Core/Inc/stm32f1xx_hal_conf.h_save
2025-08-21 09:28:15,273 [INFO] CodeEngine:345 - Generated code: /home/dev/01.work_space/01.training_stm32/06.interrup/Core/Inc/stm32f1xx_hal_conf.h
2025-08-21 09:28:15,289 [INFO] CodeEngine:265 - oldGeneratedFile, /home/dev/01.work_space/01.training_stm32/06.interrup/Core/Inc/main.h_save
2025-08-21 09:28:15,342 [INFO] CodeEngine:289 - Generated code: /home/dev/01.work_space/01.training_stm32/06.interrup/Core/Inc/main.h
2025-08-21 09:28:15,344 [INFO] CodeEngine:265 - oldGeneratedFile, /home/dev/01.work_space/01.training_stm32/06.interrup/Core/Src/main.c_save
2025-08-21 09:28:15,426 [INFO] CodeEngine:289 - Generated code: /home/dev/01.work_space/01.training_stm32/06.interrup/Core/Src/main.c
2025-08-21 09:28:15,580 [INFO] ProjectBuilder:3606 - Time for Copy HAL[1] : 11mS.
2025-08-21 09:28:15,581 [INFO] ProjectBuilder:5216 - Project Generator version: 4.7.0-B52
2025-08-21 09:28:15,647 [INFO] ConfigFileManager:1595 - The Die is : DIE412
2025-08-21 09:28:16,212 [INFO] ProjectBuilder:5496 - Time for Generating toolchain IDE Files: 631mS.
2025-08-21 09:28:16,213 [INFO] ProjectBuilder:3463 - Time for Copy CMSIS : 1mS.
2025-08-21 09:28:16,213 [INFO] ProjectBuilder:3463 - Time for Copy CMSIS : 0mS.
2025-08-21 11:29:32,781 [INFO] MainUpdater:2872 - connection check result : 10
2025-08-21 11:29:32,911 [INFO] McuFinderGlobals:76 - Set McuFinderConnectedMode to true
2025-08-21 11:29:32,912 [INFO] MultiScanPanel:200 - Auto-refresh data requested => check proxy status ongoing
2025-08-21 11:29:32,913 [INFO] FinderPluginLoader:96 - Searching for filters in installed packs
2025-08-21 11:29:33,985 [INFO] LoadUrlFilesThread:185 - End of LoadServerUrlFiles without Thread
2025-08-21 11:29:33,985 [INFO] DetailPanel:341 - Set advertising image to /home/dev/STM32Cube/Repository//en.2400x1350px.jpeg
2025-08-21 11:30:27,225 [INFO] MainUpdater:2872 - connection check result : 10
2025-08-21 11:30:27,225 [INFO] MainUpdater:2872 - connection check result : 10
2025-08-21 11:30:27,273 [INFO] MicroXplorer:468 - Change Database Path : 
2025-08-21 11:30:27,273 [INFO] MicroXplorer:498 - Change Database Version : DB.6.0.150
2025-08-21 11:30:27,296 [ERROR] ProjectManagerView:395 - 
java.lang.NullPointerException: Cannot invoke "javax.swing.JTextField.getText()" because the return value of "java.util.List.get(int)" is null
	at com.st.microxplorer.plugins.projectmanager.gui.ProjectChoiceTab$9.caretUpdate(ProjectChoiceTab.java:2706) ~[filemanager.jar:?]
	at javax.swing.text.JTextComponent.fireCaretUpdate(JTextComponent.java:408) ~[?:?]
	at javax.swing.text.JTextComponent$MutableCaretEvent.fire(JTextComponent.java:4484) ~[?:?]
	at javax.swing.text.JTextComponent$MutableCaretEvent.stateChanged(JTextComponent.java:4506) ~[?:?]
	at javax.swing.text.DefaultCaret.fireStateChanged(DefaultCaret.java:857) ~[?:?]
	at javax.swing.text.DefaultCaret.changeCaretPosition(DefaultCaret.java:1343) ~[?:?]
	at javax.swing.text.DefaultCaret.handleSetDot(DefaultCaret.java:1242) ~[?:?]
	at javax.swing.text.DefaultCaret.setDot(DefaultCaret.java:1223) ~[?:?]
	at javax.swing.text.DefaultCaret$Handler.insertUpdate(DefaultCaret.java:1819) ~[?:?]
	at javax.swing.text.AbstractDocument.fireInsertUpdate(AbstractDocument.java:227) ~[?:?]
	at javax.swing.text.AbstractDocument.handleInsertString(AbstractDocument.java:781) ~[?:?]
	at javax.swing.text.AbstractDocument.insertString(AbstractDocument.java:740) ~[?:?]
	at javax.swing.text.PlainDocument.insertString(PlainDocument.java:131) ~[?:?]
	at javax.swing.text.AbstractDocument.replace(AbstractDocument.java:699) ~[?:?]
	at javax.swing.text.JTextComponent.setText(JTextComponent.java:1725) ~[?:?]
	at com.st.microxplorer.plugins.projectmanager.gui.ProjectChoiceTab.createHeapStackFields(ProjectChoiceTab.java:993) ~[filemanager.jar:?]
	at com.st.microxplorer.plugins.projectmanager.gui.ProjectChoiceTab.buildLinkSettingsPanel(ProjectChoiceTab.java:3813) ~[filemanager.jar:?]
	at com.st.microxplorer.plugins.projectmanager.gui.ProjectChoiceTab.defineWindowsFields(ProjectChoiceTab.java:1987) ~[filemanager.jar:?]
	at com.st.microxplorer.plugins.projectmanager.gui.ProjectChoiceTab.updateSettings(ProjectChoiceTab.java:558) ~[filemanager.jar:?]
	at com.st.microxplorer.plugins.projectmanager.gui.ProjectSettingsPanel.UpdateDialog(ProjectSettingsPanel.java:247) ~[filemanager.jar:?]
	at com.st.microxplorer.plugins.projectmanager.ProjectManagerView.propertyChange(ProjectManagerView.java:392) ~[filemanager.jar:?]
	at java.beans.PropertyChangeSupport.fire(PropertyChangeSupport.java:343) ~[?:?]
	at java.beans.PropertyChangeSupport.firePropertyChange(PropertyChangeSupport.java:335) ~[?:?]
	at java.beans.PropertyChangeSupport.firePropertyChange(PropertyChangeSupport.java:268) ~[?:?]
	at com.st.microxplorer.util.MXPropertyChangeSupport.firePropertyChange(MXPropertyChangeSupport.java:54) ~[STM32CubeMX.jar:?]
	at com.st.microxplorer.mxsystem.MxSystem.closeConfig(MxSystem.java:899) ~[STM32CubeMX.jar:?]
	at com.st.microxplorer.maingui.MainPanel.closeConfig(MainPanel.java:792) ~[STM32CubeMX.jar:?]
	at com.st.microxplorer.plugins.filemanager.engine.OpenFileManager.loadConfigurationFile(OpenFileManager.java:288) ~[filemanager.jar:?]
	at com.st.microxplorer.plugins.filemanager.engine.MainFileManager.userLoadConfig(MainFileManager.java:364) ~[filemanager.jar:?]
	at com.st.microxplorer.plugins.filemanager.engine.MainFileManager.userLoadConfig(MainFileManager.java:342) ~[filemanager.jar:?]
	at com.st.microxplorer.plugins.filemanager.FileManagerView.getSpecificTask(FileManagerView.java:264) ~[filemanager.jar:?]
	at com.st.stm32cube.common.mx.editor.CubeMxEditor.getMxTabbedPaneInstance(CubeMxEditor.java:1198) ~[com.st.stm32cube.common.mx_6.15.0.202507011659/:?]
	at com.st.stm32cube.common.mx.editor.CubeMxEditor$12$1.createSwingComponent(CubeMxEditor.java:1068) ~[com.st.stm32cube.common.mx_6.15.0.202507011659/:?]
	at com.st.stm32cube.common.mx.oss.core.awtswtbridge.EmbeddedSwingComposite.doComponentCreation(EmbeddedSwingComposite.java:492) ~[com.st.stm32cube.common.mx.oss_6.15.0.202507011659/:?]
	at com.st.stm32cube.common.mx.oss.core.awtswtbridge.EmbeddedSwingComposite$4.run(EmbeddedSwingComposite.java:291) ~[com.st.stm32cube.common.mx.oss_6.15.0.202507011659/:?]
	at com.st.stm32cube.common.mx.oss.core.awtswtbridge.AwtEnvironment$2.run(AwtEnvironment.java:166) ~[com.st.stm32cube.common.mx.oss_6.15.0.202507011659/:?]
	at java.awt.event.InvocationEvent.dispatch(InvocationEvent.java:318) ~[?:?]
	at java.awt.EventQueue.dispatchEventImpl(EventQueue.java:773) ~[?:?]
	at java.awt.EventQueue$4.run(EventQueue.java:720) ~[?:?]
	at java.awt.EventQueue$4.run(EventQueue.java:714) ~[?:?]
	at java.security.AccessController.doPrivileged(AccessController.java:400) ~[?:?]
	at java.security.ProtectionDomain$JavaSecurityAccessImpl.doIntersectionPrivilege(ProtectionDomain.java:87) ~[?:?]
	at java.awt.EventQueue.dispatchEvent(EventQueue.java:742) ~[?:?]
	at java.awt.EventDispatchThread.pumpOneEventForFilters(EventDispatchThread.java:203) ~[?:?]
	at java.awt.EventDispatchThread.pumpEventsForFilter(EventDispatchThread.java:124) ~[?:?]
	at java.awt.EventDispatchThread.pumpEventsForHierarchy(EventDispatchThread.java:113) ~[?:?]
	at java.awt.EventDispatchThread.pumpEvents(EventDispatchThread.java:109) ~[?:?]
	at java.awt.EventDispatchThread.pumpEvents(EventDispatchThread.java:101) ~[?:?]
	at java.awt.EventDispatchThread.run(EventDispatchThread.java:90) ~[?:?]
2025-08-21 11:30:27,305 [WARN] ThirdParty:871 - waiting for thirdparty lock release [close project]
2025-08-21 11:30:27,305 [INFO] ThirdParty:873 - entering critical section [close project]
2025-08-21 11:30:27,305 [INFO] ThirdParty:883 - exiting critical section [close project]
2025-08-21 11:30:27,307 [INFO] PinOutPanel:1589 - setPackage(No Configuration,No Configuration)
2025-08-21 11:30:27,311 [INFO] UtilMem:75 - Begin LoadConfig() Used Memory: 399441672 Bytes (754974720)
2025-08-21 11:30:27,312 [INFO] MicroXplorer:468 - Change Database Path : 
2025-08-21 11:30:27,312 [INFO] MicroXplorer:498 - Change Database Version : DB.6.0.150
2025-08-21 11:30:27,312 [INFO] OpenFileManager:355 - Change cursor
2025-08-21 11:30:27,350 [INFO] RulesReader:64 - Compatibility file has been processed (317 Rules)
2025-08-21 11:30:27,359 [INFO] Mcu:2029 - Initializing MCU STM32F103C6Tx STM32F103C6Tx STM32F103C6T6ATR
2025-08-21 11:30:27,768 [INFO] Context:786 - Trying to add GPIOservice into a context  which must be forbidden
2025-08-21 11:30:27,936 [INFO] ImportTextPane:234 - (OptionalMessage_ERROR) Unable to find key (Mcu.ThirdPartyNb) in loaded IOC file
2025-08-21 11:30:27,936 [INFO] ImportTextPane:234 - (OptionalMessage_ERROR) Unable to find key (Mcu.PinsNb) in loaded IOC file
2025-08-21 11:30:27,937 [INFO] ImportTextPane:234 - (OptionalMessage_ERROR) Pin0 (VP_RIF_VS_RIF1) cannot be retrieved for this MCU
2025-08-21 11:30:27,937 [INFO] ImportTextPane:234 - (OptionalMessage_ERROR) Unable to find key (Mcu.IPNb) in loaded IOC file
2025-08-21 11:30:27,964 [INFO] RtosManager:558 - Registered RTOS mode: class=CMSIS, group=RTOS, mode=CMSIS_V1, owner=FREERTOS
2025-08-21 11:30:27,965 [INFO] RtosManager:558 - Registered RTOS mode: class=CMSIS, group=RTOS2, mode=CMSIS_V2, owner=FREERTOS
2025-08-21 11:30:27,965 [INFO] RtosManager:558 - Registered RTOS mode: class=RTOS, group=Core, mode=CMSIS_V1, owner=FREERTOS
2025-08-21 11:30:27,965 [INFO] RtosManager:558 - Registered RTOS mode: class=RTOS, group=Core, mode=CMSIS_V2, owner=FREERTOS
2025-08-21 11:30:27,965 [WARN] ModelIntegratedComponent:184 - Missing modes for component STMicroelectronics:FreeRTOS:0.0.1:STMicroelectronics:RTOS:FreeRTOS:Core:::10.2.0:
2025-08-21 11:30:27,997 [WARN] ModelIntegratedComponent:63 - No mode defined for component null
2025-08-21 11:30:27,997 [WARN] ModelIntegratedComponent:63 - No mode defined for component null
2025-08-21 11:30:27,997 [WARN] ModelIntegratedComponent:63 - No mode defined for component null
2025-08-21 11:30:27,997 [WARN] ModelIntegratedComponent:63 - No mode defined for component null
2025-08-21 11:30:27,997 [WARN] ModelIntegratedComponent:63 - No mode defined for component null
2025-08-21 11:30:27,997 [WARN] ModelIntegratedComponent:63 - No mode defined for component null
2025-08-21 11:30:27,997 [WARN] ModelIntegratedComponent:63 - No mode defined for component null
2025-08-21 11:30:27,997 [WARN] ModelIntegratedComponent:63 - No mode defined for component null
2025-08-21 11:30:27,997 [WARN] ModelIntegratedComponent:63 - No mode defined for component null
2025-08-21 11:30:27,998 [WARN] ModelIntegratedComponent:63 - No mode defined for component null
2025-08-21 11:30:27,998 [WARN] ModelIntegratedComponent:63 - No mode defined for component null
2025-08-21 11:30:27,998 [WARN] ModelIntegratedComponent:63 - No mode defined for component null
2025-08-21 11:30:27,998 [WARN] ModelIntegratedComponent:63 - No mode defined for component null
2025-08-21 11:30:27,998 [WARN] ModelIntegratedComponent:63 - No mode defined for component null
2025-08-21 11:30:27,998 [WARN] ModelIntegratedComponent:63 - No mode defined for component null
2025-08-21 11:30:27,998 [WARN] ModelIntegratedComponent:63 - No mode defined for component null
2025-08-21 11:30:27,998 [WARN] ModelIntegratedComponent:63 - No mode defined for component null
2025-08-21 11:30:27,998 [WARN] ModelIntegratedComponent:63 - No mode defined for component null
2025-08-21 11:30:27,998 [WARN] ModelIntegratedComponent:63 - No mode defined for component null
2025-08-21 11:30:27,998 [WARN] ModelIntegratedComponent:63 - No mode defined for component null
2025-08-21 11:30:27,998 [WARN] ModelIntegratedComponent:63 - No mode defined for component null
2025-08-21 11:30:27,998 [WARN] ModelIntegratedComponent:63 - No mode defined for component null
2025-08-21 11:30:27,998 [WARN] ModelIntegratedComponent:63 - No mode defined for component null
2025-08-21 11:30:27,998 [WARN] ModelIntegratedComponent:63 - No mode defined for component null
2025-08-21 11:30:27,999 [WARN] ModelIntegratedComponent:63 - No mode defined for component null
2025-08-21 11:30:27,999 [WARN] ModelIntegratedComponent:63 - No mode defined for component null
2025-08-21 11:30:27,999 [WARN] ModelIntegratedComponent:63 - No mode defined for component null
2025-08-21 11:30:27,999 [WARN] ModelIntegratedComponent:63 - No mode defined for component null
2025-08-21 11:30:27,999 [WARN] ModelIntegratedComponent:63 - No mode defined for component null
2025-08-21 11:30:27,999 [WARN] ModelIntegratedComponent:63 - No mode defined for component null
2025-08-21 11:30:27,999 [WARN] ModelIntegratedComponent:63 - No mode defined for component null
2025-08-21 11:30:27,999 [WARN] ModelIntegratedComponent:63 - No mode defined for component null
2025-08-21 11:30:27,999 [WARN] ModelIntegratedComponent:63 - No mode defined for component null
2025-08-21 11:30:27,999 [WARN] ModelIntegratedComponent:63 - No mode defined for component null
2025-08-21 11:30:27,999 [WARN] ModelIntegratedComponent:63 - No mode defined for component null
2025-08-21 11:30:27,999 [WARN] ModelPack:524 - Component already loaded: STMicroelectronics:HAL Drivers:0.0.0:STMicroelectronics:Device:STMicro_Driver:XSPI:HAL::0.0.1:HAL_XSPI
2025-08-21 11:30:28,360 [INFO] ThirdPartyModel:298 - Start build external matchings
2025-08-21 11:30:28,788 [INFO] ThirdPartyModel:316 - End build external matchings
2025-08-21 11:30:28,882 [INFO] UtilMem:75 - End LoadConfig() Used Memory: 563450256 Bytes (754974720)
2025-08-21 11:30:28,889 [WARN] ThirdParty:833 - waiting for thirdparty lock release [change project]
2025-08-21 11:30:28,889 [INFO] ThirdParty:835 - entering critical section [change project]
2025-08-21 11:30:28,889 [INFO] ThirdParty:1030 - CMSIS Pack Vendor :STMicroelectronics X-CUBE-PM33A1 1.0.0
2025-08-21 11:30:28,889 [INFO] ThirdParty:1030 - CMSIS Pack Vendor :STMicroelectronics USBPD 4.1
2025-08-21 11:30:28,889 [INFO] ThirdParty:1030 - CMSIS Pack Vendor :STMicroelectronics X-CUBE-NFC9 1.0.0
2025-08-21 11:30:28,889 [INFO] ThirdParty:1030 - CMSIS Pack Vendor :STMicroelectronics USB_HOST 2.0.0
2025-08-21 11:30:28,889 [INFO] ThirdParty:1030 - CMSIS Pack Vendor :STMicroelectronics FP-SNS-MOTENVWB1 1.4.0
2025-08-21 11:30:28,889 [INFO] ThirdParty:1030 - CMSIS Pack Vendor :STMicroelectronics X-CUBE-AZRTOS-F4 1.1.0
2025-08-21 11:30:28,889 [INFO] ThirdParty:1030 - CMSIS Pack Vendor :STMicroelectronics LIBJPEG 8.0.0
2025-08-21 11:30:28,890 [INFO] ThirdParty:1030 - CMSIS Pack Vendor :STMicroelectronics FP-ATR-ASTRA1 2.0.2
2025-08-21 11:30:28,890 [INFO] ThirdParty:1030 - CMSIS Pack Vendor :wolfSSL I-CUBE-wolfSSL 5.8.2
2025-08-21 11:30:28,890 [INFO] ThirdParty:1030 - CMSIS Pack Vendor :STMicroelectronics X-CUBE-BLE1 7.1.0
2025-08-21 11:30:28,890 [INFO] ThirdParty:1030 - CMSIS Pack Vendor :Avnet-IotConnect X-CUBE-IoTC-DA16k-PMOD 1.0.0
2025-08-21 11:30:28,890 [INFO] ThirdParty:1030 - CMSIS Pack Vendor :STMicroelectronics X-CUBE-SMBUS 2.1.0
2025-08-21 11:30:28,890 [INFO] ThirdParty:1030 - CMSIS Pack Vendor :wolfSSL I-CUBE-wolfMQTT 1.19.2
2025-08-21 11:30:28,890 [INFO] ThirdParty:1030 - CMSIS Pack Vendor :STMicroelectronics USB_DEVICE 3.0.0
2025-08-21 11:30:28,890 [INFO] ThirdParty:1030 - CMSIS Pack Vendor :STMicroelectronics X-CUBE-ISPU 2.1.0
2025-08-21 11:30:28,890 [INFO] ThirdParty:1030 - CMSIS Pack Vendor :STMicroelectronics X-CUBE-EEPRMA1 5.2.0
2025-08-21 11:30:28,890 [INFO] ThirdParty:1030 - CMSIS Pack Vendor :STMicroelectronics X-CUBE-BLEMGR 4.1.0
2025-08-21 11:30:28,890 [INFO] ThirdParty:1030 - CMSIS Pack Vendor :STMicroelectronics X-CUBE-AZRTOS-WB 2.0.0
2025-08-21 11:30:28,890 [INFO] ThirdParty:1030 - CMSIS Pack Vendor :STMicroelectronics X-CUBE-ST60 1.0.0
2025-08-21 11:30:28,890 [INFO] ThirdParty:1030 - CMSIS Pack Vendor :STMicroelectronics X-CUBE-GNSS1 7.0.1
2025-08-21 11:30:28,890 [INFO] ThirdParty:1030 - CMSIS Pack Vendor :STMicroelectronics X-CUBE-NFC12 1.0.0
2025-08-21 11:30:28,890 [INFO] ThirdParty:1030 - CMSIS Pack Vendor :STMicroelectronics X-CUBE-AZRTOS-F7 1.1.0
2025-08-21 11:30:28,890 [INFO] ThirdParty:1030 - CMSIS Pack Vendor :STMicroelectronics X-CUBE-AZRTOS-L5 2.0.0
2025-08-21 11:30:28,890 [INFO] ThirdParty:1030 - CMSIS Pack Vendor :STMicroelectronics X-CUBE-TOUCHGFX 4.25.0
2025-08-21 11:30:28,890 [INFO] ThirdParty:1030 - CMSIS Pack Vendor :STMicroelectronics USB_DEVICE 2.0.0
2025-08-21 11:30:28,891 [INFO] ThirdParty:1030 - CMSIS Pack Vendor :STMicroelectronics X-CUBE-NFC6 3.1.0
2025-08-21 11:30:28,891 [INFO] ThirdParty:1030 - CMSIS Pack Vendor :quantropi X-CUBE-qispace-sdk-base 2.1.0
2025-08-21 11:30:28,891 [INFO] ThirdParty:1030 - CMSIS Pack Vendor :STMicroelectronics FreeRTOS 0.0.1
2025-08-21 11:30:28,891 [INFO] ThirdParty:1030 - CMSIS Pack Vendor :STMicroelectronics X-CUBE-AZRTOS-G0 1.1.0
2025-08-21 11:30:28,891 [INFO] ThirdParty:1030 - CMSIS Pack Vendor :STMicroelectronics X-CUBE-SAFEA1 1.2.2
2025-08-21 11:30:28,891 [INFO] ThirdParty:1030 - CMSIS Pack Vendor :STMicroelectronics X-CUBE-NFC4 3.0.0
2025-08-21 11:30:28,891 [INFO] ThirdParty:1030 - CMSIS Pack Vendor :STMicroelectronics X-CUBE-SUBG2 5.0.0
2025-08-21 11:30:28,891 [INFO] ThirdParty:1030 - CMSIS Pack Vendor :STMicroelectronics X-CUBE-AZRTOS-H7RS 1.1.0
2025-08-21 11:30:28,891 [INFO] ThirdParty:1030 - CMSIS Pack Vendor :STMicroelectronics STM32_WPAN 1.0.0
2025-08-21 11:30:28,891 [INFO] ThirdParty:1030 - CMSIS Pack Vendor :EmbeddedOffice I-CUBE-FS-RTOS 1.0.1
2025-08-21 11:30:28,891 [INFO] ThirdParty:1030 - CMSIS Pack Vendor :STMicroelectronics lwIP 2.0.3
2025-08-21 11:30:28,891 [INFO] ThirdParty:1030 - CMSIS Pack Vendor :Cesanta I-CUBE-Mongoose 7.13.0
2025-08-21 11:30:28,891 [INFO] ThirdParty:1030 - CMSIS Pack Vendor :STMicroelectronics USB_HOST 1.0.0
2025-08-21 11:30:28,891 [INFO] ThirdParty:1030 - CMSIS Pack Vendor :Infineon AIROC-Wi-Fi-Bluetooth-STM32 1.7.1
2025-08-21 11:30:28,891 [INFO] ThirdParty:1030 - CMSIS Pack Vendor :STMicroelectronics X-CUBE-AZRTOS-G4 2.0.0
2025-08-21 11:30:28,891 [INFO] ThirdParty:1030 - CMSIS Pack Vendor :STMicroelectronics X-CUBE-WB05N 2.0.0
2025-08-21 11:30:28,891 [INFO] ThirdParty:1030 - CMSIS Pack Vendor :STMicroelectronics PDM2PCM 3.1.0
2025-08-21 11:30:28,891 [INFO] ThirdParty:1030 - CMSIS Pack Vendor :STMicroelectronics PDM2PCM 3.3.0
2025-08-21 11:30:28,891 [INFO] ThirdParty:1030 - CMSIS Pack Vendor :wolfSSL I-CUBE-wolfTPM 3.8.0
2025-08-21 11:30:28,891 [INFO] ThirdParty:1030 - CMSIS Pack Vendor :STMicroelectronics X-CUBE-AZRTOS-H7 3.4.0
2025-08-21 11:30:28,891 [INFO] ThirdParty:1030 - CMSIS Pack Vendor :STMicroelectronics X-CUBE-DISPLAY 3.0.0
2025-08-21 11:30:28,892 [INFO] ThirdParty:1030 - CMSIS Pack Vendor :wolfSSL I-CUBE-wolfSSH 1.4.20
2025-08-21 11:30:28,892 [INFO] ThirdParty:1030 - CMSIS Pack Vendor :STMicroelectronics X-CUBE-NFC7 2.0.0
2025-08-21 11:30:28,892 [INFO] ThirdParty:1030 - CMSIS Pack Vendor :STMicroelectronics X-CUBE-TCPP 4.2.0
2025-08-21 11:30:28,892 [INFO] ThirdParty:1030 - CMSIS Pack Vendor :RealThread X-CUBE-RT-Thread_Nano 4.1.1
2025-08-21 11:30:28,892 [INFO] ThirdParty:1030 - CMSIS Pack Vendor :STMicroelectronics FP-ATR-SIGFOX1 3.2.0
2025-08-21 11:30:28,892 [INFO] ThirdParty:1030 - CMSIS Pack Vendor :STMicroelectronics X-CUBE-NFC10 1.0.0
2025-08-21 11:30:28,892 [INFO] ThirdParty:1030 - CMSIS Pack Vendor :STMicroelectronics X-CUBE-FREERTOS 1.3.1
2025-08-21 11:30:28,892 [INFO] ThirdParty:1030 - CMSIS Pack Vendor :STMicroelectronics HAL Drivers 0.0.0
2025-08-21 11:30:28,892 [INFO] ThirdParty:1030 - CMSIS Pack Vendor :STMicroelectronics MBEDTLS 2.16.2
2025-08-21 11:30:28,892 [INFO] ThirdParty:1030 - CMSIS Pack Vendor :STMicroelectronics X-CUBE-IPS 3.1.0
2025-08-21 11:30:28,892 [INFO] ThirdParty:1030 - CMSIS Pack Vendor :STMicroelectronics X-CUBE-ALS 1.0.2
2025-08-21 11:30:28,892 [INFO] ThirdParty:1030 - CMSIS Pack Vendor :emotas I-CUBE-CANOPEN 1.3.0
2025-08-21 11:30:28,892 [INFO] ThirdParty:1030 - CMSIS Pack Vendor :STMicroelectronics MBEDTLS 2.14.1
2025-08-21 11:30:28,892 [INFO] ThirdParty:1030 - CMSIS Pack Vendor :ITTIA_DB I-CUBE-ITTIADB 8.9.0
2025-08-21 11:30:28,892 [INFO] ThirdParty:1030 - CMSIS Pack Vendor :portGmbH I-Cube-SoM-uGOAL 1.1.0
2025-08-21 11:30:28,892 [INFO] ThirdParty:1030 - CMSIS Pack Vendor :STMicroelectronics X-CUBE-ST67W61 1.0.0
2025-08-21 11:30:28,892 [INFO] ThirdParty:1030 - CMSIS Pack Vendor :STMicroelectronics FP-SNS-STBOX1 2.1.0
2025-08-21 11:30:28,893 [INFO] ThirdParty:1030 - CMSIS Pack Vendor :STMicroelectronics X-CUBE-AI 10.2.0
2025-08-21 11:30:28,893 [INFO] ThirdParty:1030 - CMSIS Pack Vendor :STMicroelectronics FP-SNS-STAIOTCFT 1.0.0
2025-08-21 11:30:28,893 [INFO] ThirdParty:1030 - CMSIS Pack Vendor :STMicroelectronics ThreadX 1.0.0
2025-08-21 11:30:28,893 [INFO] ThirdParty:1030 - CMSIS Pack Vendor :STMicroelectronics FP-SNS-SMARTAG2 1.2.0
2025-08-21 11:30:28,893 [INFO] ThirdParty:1030 - CMSIS Pack Vendor :STMicroelectronics FP-SNS-FLIGHT1 5.1.0
2025-08-21 11:30:28,893 [INFO] ThirdParty:1030 - CMSIS Pack Vendor :STMicroelectronics X-CUBE-AZRTOS-WL 2.0.0
2025-08-21 11:30:28,893 [INFO] ThirdParty:1030 - CMSIS Pack Vendor :SEGGER I-CUBE-embOS 1.3.1
2025-08-21 11:30:28,893 [INFO] ThirdParty:1030 - CMSIS Pack Vendor :STMicroelectronics X-CUBE-ALGOBUILD 1.4.0
2025-08-21 11:30:28,893 [INFO] ThirdParty:1030 - CMSIS Pack Vendor :STMicroelectronics X-CUBE-DPower 1.3.0
2025-08-21 11:30:28,893 [INFO] ThirdParty:1030 - CMSIS Pack Vendor :STMicroelectronics X-CUBE-MEMS1 11.3.0
2025-08-21 11:30:28,893 [INFO] ThirdParty:1030 - CMSIS Pack Vendor :STMicroelectronics FP-SNS-MOTENV1 5.0.0
2025-08-21 11:30:28,893 [INFO] ThirdParty:1030 - CMSIS Pack Vendor :STMicroelectronics USB_DEVICE 1.0.0
2025-08-21 11:30:28,893 [INFO] ThirdParty:1030 - CMSIS Pack Vendor :STMicroelectronics X-CUBE-AZRTOS-L4 2.0.0
2025-08-21 11:30:28,893 [INFO] ThirdParty:1030 - CMSIS Pack Vendor :STMicroelectronics ThreadX 0.0.2
2025-08-21 11:30:28,894 [INFO] ThirdParty:1030 - CMSIS Pack Vendor :WES I-CUBE-Cesium 1.3.0
2025-08-21 11:30:28,894 [INFO] ThirdParty:1030 - CMSIS Pack Vendor :STMicroelectronics lwIP 2.1.2
2025-08-21 11:30:28,894 [INFO] ThirdParty:1030 - CMSIS Pack Vendor :STMicroelectronics X-CUBE-SFXS2LP1 4.0.0
2025-08-21 11:30:28,894 [INFO] ThirdParty:1030 - CMSIS Pack Vendor :STMicroelectronics X-CUBE-BLE2 3.3.0
2025-08-21 11:30:28,894 [INFO] ThirdParty:1030 - CMSIS Pack Vendor :STMicroelectronics X-CUBE-TOF1 3.4.3
2025-08-21 11:30:28,894 [INFO] ThirdParty:1030 - CMSIS Pack Vendor :STMicroelectronics PDM2PCM 3.2.0
2025-08-21 11:30:28,894 [INFO] ThirdParty:841 - exiting critical section [change project]
2025-08-21 11:30:29,062 [INFO] PinOutPanel:1589 - setPackage(No Configuration,No Configuration)
2025-08-21 11:30:29,063 [INFO] PinOutPanel:1589 - setPackage(STM32F103C6Tx,LQFP48)
2025-08-21 11:30:29,470 [INFO] UtilMem:75 - Before build in PCC Used Memory: 259501064 Bytes (754974720)
2025-08-21 11:30:29,702 [INFO] UtilMem:75 - After build in PCC Used Memory: 303541256 Bytes (754974720)
2025-08-21 11:30:29,721 [INFO] IPUIPlugin:80 - create IPUIPlugin
2025-08-21 11:30:29,721 [INFO] IPUIPlugin:80 - create IPUIPlugin
2025-08-21 11:30:29,721 [INFO] IPUIPlugin:80 - create IPUIPlugin
2025-08-21 11:30:29,721 [INFO] IPUIPlugin:80 - create IPUIPlugin
2025-08-21 11:30:29,722 [INFO] IPUIPlugin:80 - create IPUIPlugin
2025-08-21 11:30:29,722 [INFO] IPUIPlugin:80 - create IPUIPlugin
2025-08-21 11:30:29,722 [INFO] IPUIPlugin:80 - create IPUIPlugin
2025-08-21 11:30:29,722 [INFO] IPUIPlugin:80 - create IPUIPlugin
2025-08-21 11:30:29,723 [INFO] IPUIPlugin:80 - create IPUIPlugin
2025-08-21 11:30:29,723 [INFO] IPUIPlugin:80 - create IPUIPlugin
2025-08-21 11:30:29,723 [INFO] IPUIPlugin:80 - create IPUIPlugin
2025-08-21 11:30:29,723 [INFO] IPUIPlugin:80 - create IPUIPlugin
2025-08-21 11:30:29,723 [INFO] IPUIPlugin:80 - create IPUIPlugin
2025-08-21 11:30:29,724 [INFO] IPUIPlugin:80 - create IPUIPlugin
2025-08-21 11:30:29,724 [INFO] IPUIPlugin:80 - create IPUIPlugin
2025-08-21 11:30:29,724 [INFO] IPUIPlugin:80 - create IPUIPlugin
2025-08-21 11:30:29,724 [INFO] IPUIPlugin:80 - create IPUIPlugin
2025-08-21 11:30:29,724 [INFO] IPUIPlugin:80 - create IPUIPlugin
2025-08-21 11:30:29,724 [INFO] IPUIPlugin:80 - create IPUIPlugin
2025-08-21 11:30:29,724 [INFO] IPUIPlugin:80 - create IPUIPlugin
2025-08-21 11:30:29,725 [INFO] IPUIPlugin:80 - create IPUIPlugin
2025-08-21 11:30:29,725 [INFO] IPUIPlugin:80 - create IPUIPlugin
2025-08-21 11:30:29,725 [INFO] IPUIPlugin:80 - create IPUIPlugin
2025-08-21 11:30:29,753 [INFO] CADModel:165 - CPN selected for project levelSTM32F103C6T6ATR
2025-08-21 11:30:29,753 [INFO] CADModel:114 - Register for checkConnection events
2025-08-21 11:30:29,791 [INFO] OpenFileManager:386 - Restore cursor
2025-08-21 11:30:30,144 [INFO] UtilMem:75 - End SaveConfig() Used Memory: 352297992 Bytes (754974720)
2025-08-21 11:30:30,174 [INFO] UtilMem:75 - End SaveConfig() Used Memory: 362788456 Bytes (754974720)
2025-08-21 11:30:30,408 [INFO] BlockDiagram:2775 - set Specific Code input for plugin: NVIC
2025-08-21 11:30:30,409 [INFO] BlockDiagram:2775 - set Specific Code input for plugin: RCC
2025-08-21 11:30:30,417 [INFO] CodeGenerator:892 - code generatio: config db path: /opt/st/stm32cubeide_1.19.0/plugins/com.st.stm32cube.common.mx_6.15.0.202507011659//db/
2025-08-21 11:30:30,479 [INFO] CodeEngine:265 - oldGeneratedFile, /home/dev/01.work_space/01.training_stm32/07.practice_timer_interrup/MXTmpFiles/license.tmp_save
2025-08-21 11:30:30,690 [INFO] CodeEngine:289 - Generated code: /home/dev/01.work_space/01.training_stm32/07.practice_timer_interrup/MXTmpFiles/license.tmp
2025-08-21 11:30:30,693 [INFO] CodeEngine:265 - oldGeneratedFile, /home/dev/01.work_space/01.training_stm32/07.practice_timer_interrup/Core/Src/stm32f1xx_it.c_save
2025-08-21 11:30:30,953 [INFO] CodeEngine:289 - Generated code: /home/dev/01.work_space/01.training_stm32/07.practice_timer_interrup/Core/Src/stm32f1xx_it.c
2025-08-21 11:30:30,954 [INFO] CodeEngine:265 - oldGeneratedFile, /home/dev/01.work_space/01.training_stm32/07.practice_timer_interrup/Core/Inc/stm32f1xx_it.h_save
2025-08-21 11:30:31,029 [INFO] CodeEngine:289 - Generated code: /home/dev/01.work_space/01.training_stm32/07.practice_timer_interrup/Core/Inc/stm32f1xx_it.h
2025-08-21 11:30:31,046 [INFO] CodeEngine:265 - oldGeneratedFile, /home/dev/01.work_space/01.training_stm32/07.practice_timer_interrup/Core/Src/stm32f1xx_hal_msp.c_save
2025-08-21 11:30:31,162 [INFO] CodeEngine:289 - Generated code: /home/dev/01.work_space/01.training_stm32/07.practice_timer_interrup/Core/Src/stm32f1xx_hal_msp.c
2025-08-21 11:30:31,163 [INFO] CodeEngine:265 - oldGeneratedFile, /home/dev/01.work_space/01.training_stm32/07.practice_timer_interrup/MXTmpFiles/system.tmp_save
2025-08-21 11:30:31,228 [INFO] CodeEngine:289 - Generated code: /home/dev/01.work_space/01.training_stm32/07.practice_timer_interrup/MXTmpFiles/system.tmp
2025-08-21 11:30:31,231 [INFO] CodeEngine:321 - oldGeneratedFile, /home/dev/01.work_space/01.training_stm32/07.practice_timer_interrup/Core/Inc/stm32f1xx_hal_conf.h_save
2025-08-21 11:30:31,298 [INFO] CodeEngine:345 - Generated code: /home/dev/01.work_space/01.training_stm32/07.practice_timer_interrup/Core/Inc/stm32f1xx_hal_conf.h
2025-08-21 11:30:31,311 [INFO] ApiDbMcu:532 - Load IP Config File for RCC
2025-08-21 11:30:31,313 [INFO] CodeEngine:265 - oldGeneratedFile, /home/dev/01.work_space/01.training_stm32/07.practice_timer_interrup/Core/Inc/main.h_save
2025-08-21 11:30:31,403 [INFO] CodeEngine:289 - Generated code: /home/dev/01.work_space/01.training_stm32/07.practice_timer_interrup/Core/Inc/main.h
2025-08-21 11:30:31,404 [INFO] CodeEngine:265 - oldGeneratedFile, /home/dev/01.work_space/01.training_stm32/07.practice_timer_interrup/Core/Src/main.c_save
2025-08-21 11:30:31,495 [INFO] CodeEngine:289 - Generated code: /home/dev/01.work_space/01.training_stm32/07.practice_timer_interrup/Core/Src/main.c
2025-08-21 11:30:31,693 [INFO] ProjectBuilder:3606 - Time for Copy HAL[1] : 10mS.
2025-08-21 11:30:31,694 [INFO] ProjectBuilder:5216 - Project Generator version: 4.7.0-B52
2025-08-21 11:30:31,771 [INFO] ConfigFileManager:1595 - The Die is : DIE412
2025-08-21 11:30:31,773 [INFO] ApiDbMcu:532 - Load IP Config File for FATFS
2025-08-21 11:30:31,778 [INFO] ApiDbMcu:532 - Load IP Config File for FREERTOS
2025-08-21 11:30:31,785 [INFO] ApiDbMcu:532 - Load IP Config File for USB_DEVICE
2025-08-21 11:30:33,236 [INFO] ProjectBuilder:5496 - Time for Generating toolchain IDE Files: 1542mS.
2025-08-21 11:30:33,237 [INFO] ProjectBuilder:3463 - Time for Copy CMSIS : 0mS.
2025-08-21 11:30:33,237 [INFO] ProjectBuilder:3463 - Time for Copy CMSIS : 0mS.
2025-08-21 11:30:33,865 [INFO] McuFinderGlobals:76 - Set McuFinderConnectedMode to true
2025-08-21 11:30:33,868 [INFO] ApiDb:448 - Save user favorites file /home/dev/.stm32cubeide/favorites.mcus.txt: 1 item(s)
2025-08-21 11:30:33,868 [INFO] ApiDb:452 - User favorites MCUs=[STM32F103C6T6ATR]
2025-08-21 11:33:26,850 [INFO] Gpio:278 - dependency for GPIO [SYS]
2025-08-21 11:33:29,513 [INFO] Gpio:278 - dependency for GPIO [SYS]
2025-08-21 11:33:29,533 [INFO] DmaTabbedPanel:205 - Cannot restore the selected Tab for DMA
2025-08-21 11:33:50,804 [INFO] UtilMem:75 - End SaveConfig() Used Memory: 482400080 Bytes (754974720)
2025-08-21 11:33:50,886 [INFO] UtilMem:75 - End SaveConfig() Used Memory: 498308440 Bytes (754974720)
2025-08-21 11:33:51,830 [INFO] UtilMem:75 - End SaveConfig() Used Memory: 564667352 Bytes (754974720)
2025-08-21 11:33:51,928 [INFO] BlockDiagram:2775 - set Specific Code input for plugin: NVIC
2025-08-21 11:33:51,928 [INFO] BlockDiagram:2775 - set Specific Code input for plugin: SYS
2025-08-21 11:33:51,929 [INFO] BlockDiagram:2775 - set Specific Code input for plugin: GPIO
2025-08-21 11:33:51,929 [INFO] BlockDiagram:2775 - set Specific Code input for plugin: RCC
2025-08-21 11:33:51,929 [INFO] BlockDiagram:2775 - set Specific Code input for plugin: TIM1_8F1
2025-08-21 11:33:51,930 [INFO] CodeGenerator:892 - code generatio: config db path: /opt/st/stm32cubeide_1.19.0/plugins/com.st.stm32cube.common.mx_6.15.0.202507011659//db/
2025-08-21 11:33:52,045 [INFO] CodeEngine:265 - oldGeneratedFile, /home/dev/01.work_space/01.training_stm32/07.practice_timer_interrup/MXTmpFiles/license.tmp_save
2025-08-21 11:33:52,261 [INFO] CodeEngine:289 - Generated code: /home/dev/01.work_space/01.training_stm32/07.practice_timer_interrup/MXTmpFiles/license.tmp
2025-08-21 11:33:52,300 [INFO] CodeEngine:265 - oldGeneratedFile, /home/dev/01.work_space/01.training_stm32/07.practice_timer_interrup/MXTmpFiles/gpio.tmp_save
2025-08-21 11:33:52,454 [INFO] CodeEngine:289 - Generated code: /home/dev/01.work_space/01.training_stm32/07.practice_timer_interrup/MXTmpFiles/gpio.tmp
2025-08-21 11:33:52,576 [INFO] CodeEngine:265 - oldGeneratedFile, /home/dev/01.work_space/01.training_stm32/07.practice_timer_interrup/Core/Src/stm32f1xx_it.c_save
2025-08-21 11:33:52,720 [INFO] CodeEngine:289 - Generated code: /home/dev/01.work_space/01.training_stm32/07.practice_timer_interrup/Core/Src/stm32f1xx_it.c
2025-08-21 11:33:52,722 [INFO] CodeEngine:265 - oldGeneratedFile, /home/dev/01.work_space/01.training_stm32/07.practice_timer_interrup/Core/Inc/stm32f1xx_it.h_save
2025-08-21 11:33:52,826 [INFO] CodeEngine:289 - Generated code: /home/dev/01.work_space/01.training_stm32/07.practice_timer_interrup/Core/Inc/stm32f1xx_it.h
2025-08-21 11:33:52,831 [INFO] CodeEngine:265 - oldGeneratedFile, /home/dev/01.work_space/01.training_stm32/07.practice_timer_interrup/Core/Src/stm32f1xx_hal_msp.c_save
2025-08-21 11:33:53,008 [INFO] CodeEngine:289 - Generated code: /home/dev/01.work_space/01.training_stm32/07.practice_timer_interrup/Core/Src/stm32f1xx_hal_msp.c
2025-08-21 11:33:53,010 [INFO] CodeEngine:265 - oldGeneratedFile, /home/dev/01.work_space/01.training_stm32/07.practice_timer_interrup/MXTmpFiles/system.tmp_save
2025-08-21 11:33:53,073 [INFO] CodeEngine:289 - Generated code: /home/dev/01.work_space/01.training_stm32/07.practice_timer_interrup/MXTmpFiles/system.tmp
2025-08-21 11:33:53,076 [INFO] CodeEngine:321 - oldGeneratedFile, /home/dev/01.work_space/01.training_stm32/07.practice_timer_interrup/Core/Inc/stm32f1xx_hal_conf.h_save
2025-08-21 11:33:53,147 [INFO] CodeEngine:345 - Generated code: /home/dev/01.work_space/01.training_stm32/07.practice_timer_interrup/Core/Inc/stm32f1xx_hal_conf.h
2025-08-21 11:33:53,166 [INFO] ApiDbMcu:532 - Load IP Config File for TIM1
2025-08-21 11:33:53,167 [WARN] IPConfigManager:3811 - IP not found : TIM
2025-08-21 11:33:53,168 [WARN] CodeGenerator:4259 - IP not found : null
2025-08-21 11:33:53,169 [INFO] CodeEngine:265 - oldGeneratedFile, /home/dev/01.work_space/01.training_stm32/07.practice_timer_interrup/Core/Inc/main.h_save
2025-08-21 11:33:53,233 [INFO] CodeEngine:289 - Generated code: /home/dev/01.work_space/01.training_stm32/07.practice_timer_interrup/Core/Inc/main.h
2025-08-21 11:33:53,234 [INFO] CodeEngine:265 - oldGeneratedFile, /home/dev/01.work_space/01.training_stm32/07.practice_timer_interrup/Core/Src/main.c_save
2025-08-21 11:33:53,329 [INFO] CodeEngine:289 - Generated code: /home/dev/01.work_space/01.training_stm32/07.practice_timer_interrup/Core/Src/main.c
2025-08-21 11:33:53,675 [INFO] ProjectBuilder:3606 - Time for Copy HAL[1] : 13mS.
2025-08-21 11:33:53,677 [INFO] ProjectBuilder:5216 - Project Generator version: 4.7.0-B52
2025-08-21 11:33:53,758 [INFO] ConfigFileManager:1595 - The Die is : DIE412
2025-08-21 11:33:54,487 [INFO] ProjectBuilder:5496 - Time for Generating toolchain IDE Files: 811mS.
2025-08-21 11:33:54,488 [INFO] ProjectBuilder:3463 - Time for Copy CMSIS : 0mS.
2025-08-21 11:33:54,488 [INFO] ProjectBuilder:3463 - Time for Copy CMSIS : 0mS.
2025-08-21 14:31:49,933 [INFO] UtilMem:75 - End SaveConfig() Used Memory: 309199168 Bytes (754974720)
2025-08-21 14:31:50,003 [INFO] UtilMem:75 - End SaveConfig() Used Memory: 321168896 Bytes (754974720)
2025-08-21 14:31:50,254 [INFO] UtilMem:75 - End SaveConfig() Used Memory: 341878288 Bytes (754974720)
2025-08-21 14:31:50,333 [INFO] BlockDiagram:2775 - set Specific Code input for plugin: NVIC
2025-08-21 14:31:50,334 [INFO] BlockDiagram:2775 - set Specific Code input for plugin: SYS
2025-08-21 14:31:50,334 [INFO] BlockDiagram:2775 - set Specific Code input for plugin: GPIO
2025-08-21 14:31:50,334 [INFO] BlockDiagram:2775 - set Specific Code input for plugin: RCC
2025-08-21 14:31:50,334 [INFO] BlockDiagram:2775 - set Specific Code input for plugin: TIM1_8F1
2025-08-21 14:31:50,334 [INFO] CodeGenerator:892 - code generatio: config db path: /opt/st/stm32cubeide_1.19.0/plugins/com.st.stm32cube.common.mx_6.15.0.202507011659//db/
2025-08-21 14:31:50,393 [INFO] CodeEngine:265 - oldGeneratedFile, /home/dev/01.work_space/01.training_stm32/07.practice_timer_interrup/MXTmpFiles/license.tmp_save
2025-08-21 14:31:50,490 [INFO] CodeEngine:289 - Generated code: /home/dev/01.work_space/01.training_stm32/07.practice_timer_interrup/MXTmpFiles/license.tmp
2025-08-21 14:31:50,497 [INFO] CodeEngine:265 - oldGeneratedFile, /home/dev/01.work_space/01.training_stm32/07.practice_timer_interrup/MXTmpFiles/gpio.tmp_save
2025-08-21 14:31:50,569 [INFO] CodeEngine:289 - Generated code: /home/dev/01.work_space/01.training_stm32/07.practice_timer_interrup/MXTmpFiles/gpio.tmp
2025-08-21 14:31:50,604 [INFO] CodeEngine:265 - oldGeneratedFile, /home/dev/01.work_space/01.training_stm32/07.practice_timer_interrup/Core/Src/stm32f1xx_it.c_save
2025-08-21 14:31:50,835 [INFO] CodeEngine:289 - Generated code: /home/dev/01.work_space/01.training_stm32/07.practice_timer_interrup/Core/Src/stm32f1xx_it.c
2025-08-21 14:31:50,837 [INFO] CodeEngine:265 - oldGeneratedFile, /home/dev/01.work_space/01.training_stm32/07.practice_timer_interrup/Core/Inc/stm32f1xx_it.h_save
2025-08-21 14:31:50,891 [INFO] CodeEngine:289 - Generated code: /home/dev/01.work_space/01.training_stm32/07.practice_timer_interrup/Core/Inc/stm32f1xx_it.h
2025-08-21 14:31:50,895 [INFO] CodeEngine:265 - oldGeneratedFile, /home/dev/01.work_space/01.training_stm32/07.practice_timer_interrup/Core/Src/stm32f1xx_hal_msp.c_save
2025-08-21 14:31:51,024 [INFO] CodeEngine:289 - Generated code: /home/dev/01.work_space/01.training_stm32/07.practice_timer_interrup/Core/Src/stm32f1xx_hal_msp.c
2025-08-21 14:31:51,026 [INFO] CodeEngine:265 - oldGeneratedFile, /home/dev/01.work_space/01.training_stm32/07.practice_timer_interrup/MXTmpFiles/system.tmp_save
2025-08-21 14:31:51,097 [INFO] CodeEngine:289 - Generated code: /home/dev/01.work_space/01.training_stm32/07.practice_timer_interrup/MXTmpFiles/system.tmp
2025-08-21 14:31:51,099 [INFO] CodeEngine:321 - oldGeneratedFile, /home/dev/01.work_space/01.training_stm32/07.practice_timer_interrup/Core/Inc/stm32f1xx_hal_conf.h_save
2025-08-21 14:31:51,162 [INFO] CodeEngine:345 - Generated code: /home/dev/01.work_space/01.training_stm32/07.practice_timer_interrup/Core/Inc/stm32f1xx_hal_conf.h
2025-08-21 14:31:51,173 [WARN] IPConfigManager:3811 - IP not found : TIM
2025-08-21 14:31:51,174 [WARN] CodeGenerator:4259 - IP not found : null
2025-08-21 14:31:51,176 [INFO] CodeEngine:265 - oldGeneratedFile, /home/dev/01.work_space/01.training_stm32/07.practice_timer_interrup/Core/Inc/main.h_save
2025-08-21 14:31:51,304 [INFO] CodeEngine:289 - Generated code: /home/dev/01.work_space/01.training_stm32/07.practice_timer_interrup/Core/Inc/main.h
2025-08-21 14:31:51,305 [INFO] CodeEngine:265 - oldGeneratedFile, /home/dev/01.work_space/01.training_stm32/07.practice_timer_interrup/Core/Src/main.c_save
2025-08-21 14:31:51,373 [INFO] CodeEngine:289 - Generated code: /home/dev/01.work_space/01.training_stm32/07.practice_timer_interrup/Core/Src/main.c
2025-08-21 14:31:51,534 [INFO] ProjectBuilder:3606 - Time for Copy HAL[1] : 15mS.
2025-08-21 14:31:51,535 [INFO] ProjectBuilder:5216 - Project Generator version: 4.7.0-B52
2025-08-21 14:31:51,597 [INFO] ConfigFileManager:1595 - The Die is : DIE412
2025-08-21 14:31:52,364 [INFO] ProjectBuilder:5496 - Time for Generating toolchain IDE Files: 825mS.
2025-08-21 14:31:52,364 [INFO] ProjectBuilder:3463 - Time for Copy CMSIS : 0mS.
2025-08-21 14:31:52,365 [INFO] ProjectBuilder:3463 - Time for Copy CMSIS : 0mS.
